    INFO - general - Read 1 molecules from PDB file ../1mj5_all_hydrogen.pdb
    INFO - step - Guessing the bonds.
    INFO - general - 1 molecules after guessing bonds
    INFO - step - Repairing the graph.
    INFO - general - Applying modification N-ter to residue -SER2
    INFO - general - Applying modification C-ter to residue -ALA296
    INFO - step - Dealing with modifications.
    INFO - general - Identified the modifications ['N-ter'] on residues ['SER2', 'SER2', 'SER2', 'SER2']
 WARNING - unknown-input - Could not identify the modifications for residues ['LYS6'], involving atoms ['62-HD3']
    INFO - general - Identified the modifications ['HIS-HD'] on residues ['HIS36']
    INFO - general - Identified the modifications ['HIS-HE'] on residues ['HIS51']
    INFO - general - Identified the modifications ['HIS-HE'] on residues ['HIS85']
    INFO - general - Identified the modifications ['HIS-HE'] on residues ['HIS107']
    INFO - general - Identified the modifications ['HIS-HD'] on residues ['HIS121']
    INFO - general - Identified the modifications ['HIS-HP'] on residues ['HIS272']
    INFO - general - Identified the modifications ['C-ter'] on residues ['ALA296', 'ALA296', 'ALA296']
    INFO - step - Read input.
    INFO - step - Creating the graph at the target resolution.
    INFO - general - Applying modification mapping ('N-ter',)
    INFO - general - Applying modification mapping ('HIS-HD',)
    INFO - general - Applying modification mapping ('HIS-HE',)
    INFO - general - Applying modification mapping ('HIS-HE',)
    INFO - general - Applying modification mapping ('HIS-HE',)
    INFO - general - Applying modification mapping ('HIS-HD',)
    INFO - general - Applying modification mapping ('HIS-HP',)
    INFO - general - Applying modification mapping ('C-ter',)
    INFO - step - Averaging the coordinates.
    INFO - step - Applying the links.
    INFO - step - Placing the charge dummies.
    INFO - step - Sorting atomids
    INFO - step - Writing output.
    INFO - general - Please cite: Souza, P C T; Alessandri, R; Barnoud, J; Thallmair, S; Faustino, I; Grünewald, F; Patmanidis, I; Abdizadeh, H; Bruininks, B M H; Wassenaar, T A; Kroon, P C; Melcr, J; Nieto, V; Corradi, V; Khan, H M; Domański, J; Javanainen, M; Martinez-Seara, H; Reuter, N; Best, R B; Vattulainen, I; Monticelli, L; Periole, X; Tieleman, D P; de Vries, A H; Marrink, S J;  Nature Methods 2021; 10.1038/s41592-021-01098-3
    INFO - general - Gin, not vodka, obviously, stirred for ten seconds while glancing at an unopened bottle of vermouth. -- (Kingsman: The Secret Service)
